Determining if the C compiler works failed with the following output:
Change Dir: D:/大三下/compile/CompliePrincipleExp/byyl_exp1/cmake-build-debug/CMakeFiles/CMakeTmp

Run Build Command(s):C:/PROGRA~2/Dev-Cpp/MinGW64/bin/mingw32-make.exe cmTC_ec2f4/fast && C:/PROGRA~2/Dev-Cpp/MinGW64/bin/mingw32-make.exe  -f CMakeFiles\cmTC_ec2f4.dir\build.make CMakeFiles/cmTC_ec2f4.dir/build
mingw32-make.exe[1]: Entering directory 'D:/大三下/compile/CompliePrincipleExp/byyl_exp1/cmake-build-debug/CMakeFiles/CMakeTmp'
Building C object CMakeFiles/cmTC_ec2f4.dir/testCCompiler.c.obj
C:\PROGRA~2\Dev-Cpp\MinGW64\bin\gcc.exe    -o CMakeFiles\cmTC_ec2f4.dir\testCCompiler.c.obj   -c D:\澶т笁涓媆compile\CompliePrincipleExp\byyl_exp1\cmake-build-debug\CMakeFiles\CMakeTmp\testCCompiler.c
gcc.exe: error: D:\澶т笁涓媆compile\CompliePrincipleExp\byyl_exp1\cmake-build-debug\CMakeFiles\CMakeTmp\testCCompiler.c: No such file or directory
gcc.exe: fatal error: no input files
compilation terminated.
CMakeFiles\cmTC_ec2f4.dir\build.make:84: recipe for target 'CMakeFiles/cmTC_ec2f4.dir/testCCompiler.c.obj' failed
mingw32-make.exe[1]: *** [CMakeFiles/cmTC_ec2f4.dir/testCCompiler.c.obj] Error 1
mingw32-make.exe[1]: Leaving directory 'D:/大三下/compile/CompliePrincipleExp/byyl_exp1/cmake-build-debug/CMakeFiles/CMakeTmp'
Makefile:140: recipe for target 'cmTC_ec2f4/fast' failed
mingw32-make.exe: *** [cmTC_ec2f4/fast] Error 2



Determining if the C compiler works failed with the following output:
Change Dir: D:/大三下/compile/CompliePrincipleExp/byyl_exp1/cmake-build-debug/CMakeFiles/CMakeTmp

Run Build Command(s):C:/PROGRA~2/Dev-Cpp/MinGW64/bin/mingw32-make.exe cmTC_8753c/fast && C:/PROGRA~2/Dev-Cpp/MinGW64/bin/mingw32-make.exe  -f CMakeFiles\cmTC_8753c.dir\build.make CMakeFiles/cmTC_8753c.dir/build
mingw32-make.exe[1]: Entering directory 'D:/大三下/compile/CompliePrincipleExp/byyl_exp1/cmake-build-debug/CMakeFiles/CMakeTmp'
Building C object CMakeFiles/cmTC_8753c.dir/testCCompiler.c.obj
C:\PROGRA~2\Dev-Cpp\MinGW64\bin\gcc.exe    -o CMakeFiles\cmTC_8753c.dir\testCCompiler.c.obj   -c D:\澶т笁涓媆compile\CompliePrincipleExp\byyl_exp1\cmake-build-debug\CMakeFiles\CMakeTmp\testCCompiler.c
gcc.exe: error: D:\澶т笁涓媆compile\CompliePrincipleExp\byyl_exp1\cmake-build-debug\CMakeFiles\CMakeTmp\testCCompiler.c: No such file or directory
gcc.exe: fatal error: no input files
compilation terminated.
CMakeFiles\cmTC_8753c.dir\build.make:84: recipe for target 'CMakeFiles/cmTC_8753c.dir/testCCompiler.c.obj' failed
mingw32-make.exe[1]: *** [CMakeFiles/cmTC_8753c.dir/testCCompiler.c.obj] Error 1
mingw32-make.exe[1]: Leaving directory 'D:/大三下/compile/CompliePrincipleExp/byyl_exp1/cmake-build-debug/CMakeFiles/CMakeTmp'
Makefile:140: recipe for target 'cmTC_8753c/fast' failed
mingw32-make.exe: *** [cmTC_8753c/fast] Error 2



